# JRE version: Java(TM) SE Runtime Environment (8.0_191-b12) (build 1.8.0_191-b12)
# Java VM: Java HotSpot(TM) 64-Bit Server VM (25.191-b12 mixed mode windows-amd64 compressed oops)
Heap:
 PSYoungGen      total 57344K, used 41219K [0x0000000780a00000, 0x0000000784a00000, 0x00000007c0000000)
  eden space 49152K, 70% used [0x0000000780a00000,0x0000000782bdd860,0x0000000783a00000)
  from space 8192K, 79% used [0x0000000784200000,0x00000007848633f8,0x0000000784a00000)
  to   space 8192K, 0% used [0x0000000783a00000,0x0000000783a00000,0x0000000784200000)
 ParOldGen       total 90624K, used 1700K [0x0000000701e00000, 0x0000000707680000, 0x0000000780a00000)
  object space 90624K, 1% used [0x0000000701e00000,0x0000000701fa9078,0x0000000707680000)
 Metaspace       used 18840K, capacity 19318K, committed 19456K, reserved 1071104K
  class space    used 2541K, capacity 2712K, committed 2816K, reserved 1048576K
GC Heap History (6 events):
Event: 1.113 GC heap before
{Heap before GC invocations=1 (full 0):
 PSYoungGen      total 57344K, used 9843K [0x0000000780a00000, 0x0000000784a00000, 0x00000007c0000000)
  eden space 49152K, 20% used [0x0000000780a00000,0x000000078139cc18,0x0000000783a00000)
  from space 8192K, 0% used [0x0000000784200000,0x0000000784200000,0x0000000784a00000)
  to   space 8192K, 0% used [0x0000000783a00000,0x0000000783a00000,0x0000000784200000)
 ParOldGen       total 131072K, used 0K [0x0000000701e00000, 0x0000000709e00000, 0x0000000780a00000)
  object space 131072K, 0% used [0x0000000701e00000,0x0000000701e00000,0x0000000709e00000)
 Metaspace       used 7449K, capacity 7580K, committed 7680K, reserved 1064960K
  class space    used 932K, capacity 992K, committed 1024K, reserved 1048576K
Event: 1.118 GC heap after
Heap after GC invocations=1 (full 0):
 PSYoungGen      total 57344K, used 1783K [0x0000000780a00000, 0x0000000784a00000, 0x00000007c0000000)
  eden space 49152K, 0% used [0x0000000780a00000,0x0000000780a00000,0x0000000783a00000)
  from space 8192K, 21% used [0x0000000783a00000,0x0000000783bbde78,0x0000000784200000)
  to   space 8192K, 0% used [0x0000000784200000,0x0000000784200000,0x0000000784a00000)
 ParOldGen       total 131072K, used 8K [0x0000000701e00000, 0x0000000709e00000, 0x0000000780a00000)
  object space 131072K, 0% used [0x0000000701e00000,0x0000000701e02000,0x0000000709e00000)
 Metaspace       used 7449K, capacity 7580K, committed 7680K, reserved 1064960K
  class space    used 932K, capacity 992K, committed 1024K, reserved 1048576K
}
Event: 1.118 GC heap before
{Heap before GC invocations=2 (full 1):
 PSYoungGen      total 57344K, used 1783K [0x0000000780a00000, 0x0000000784a00000, 0x00000007c0000000)
  eden space 49152K, 0% used [0x0000000780a00000,0x0000000780a00000,0x0000000783a00000)
  from space 8192K, 21% used [0x0000000783a00000,0x0000000783bbde78,0x0000000784200000)
  to   space 8192K, 0% used [0x0000000784200000,0x0000000784200000,0x0000000784a00000)
 ParOldGen       total 131072K, used 8K [0x0000000701e00000, 0x0000000709e00000, 0x0000000780a00000)
  object space 131072K, 0% used [0x0000000701e00000,0x0000000701e02000,0x0000000709e00000)
 Metaspace       used 7449K, capacity 7580K, committed 7680K, reserved 1064960K
  class space    used 932K, capacity 992K, committed 1024K, reserved 1048576K
Event: 1.135 GC heap after
Heap after GC invocations=2 (full 1):
 PSYoungGen      total 57344K, used 0K [0x0000000780a00000, 0x0000000784a00000, 0x00000007c0000000)
  eden space 49152K, 0% used [0x0000000780a00000,0x0000000780a00000,0x0000000783a00000)
  from space 8192K, 0% used [0x0000000783a00000,0x0000000783a00000,0x0000000784200000)
  to   space 8192K, 0% used [0x0000000784200000,0x0000000784200000,0x0000000784a00000)
 ParOldGen       total 90624K, used 1692K [0x0000000701e00000, 0x0000000707680000, 0x0000000780a00000)
  object space 90624K, 1% used [0x0000000701e00000,0x0000000701fa7078,0x0000000707680000)
 Metaspace       used 7449K, capacity 7580K, committed 7680K, reserved 1062912K
  class space    used 932K, capacity 992K, committed 1024K, reserved 1048576K
}
Event: 2.300 GC heap before
{Heap before GC invocations=3 (full 1):
 PSYoungGen      total 57344K, used 49152K [0x0000000780a00000, 0x0000000784a00000, 0x00000007c0000000)
  eden space 49152K, 100% used [0x0000000780a00000,0x0000000783a00000,0x0000000783a00000)
  from space 8192K, 0% used [0x0000000783a00000,0x0000000783a00000,0x0000000784200000)
  to   space 8192K, 0% used [0x0000000784200000,0x0000000784200000,0x0000000784a00000)
 ParOldGen       total 90624K, used 1692K [0x0000000701e00000, 0x0000000707680000, 0x0000000780a00000)
  object space 90624K, 1% used [0x0000000701e00000,0x0000000701fa7078,0x0000000707680000)
 Metaspace       used 14520K, capacity 14918K, committed 15232K, reserved 1069056K
  class space    used 1974K, capacity 2102K, committed 2176K, reserved 1048576K
Event: 2.312 GC heap after
Heap after GC invocations=3 (full 1):
 PSYoungGen      total 57344K, used 6540K [0x0000000780a00000, 0x0000000784a00000, 0x00000007c0000000)
  eden space 49152K, 0% used [0x0000000780a00000,0x0000000780a00000,0x0000000783a00000)
  from space 8192K, 79% used [0x0000000784200000,0x00000007848633f8,0x0000000784a00000)
  to   space 8192K, 0% used [0x0000000783a00000,0x0000000783a00000,0x0000000784200000)
 ParOldGen       total 90624K, used 1700K [0x0000000701e00000, 0x0000000707680000, 0x0000000780a00000)
  object space 90624K, 1% used [0x0000000701e00000,0x0000000701fa9078,0x0000000707680000)
 Metaspace       used 14520K, capacity 14918K, committed 15232K, reserved 1069056K
  class space    used 1974K, capacity 2102K, committed 2176K, reserved 1048576K
}

